{
  "stats": {
    "suites": 10,
    "tests": 12,
    "passes": 12,
    "pending": 0,
    "failures": 0,
    "start": "2021-01-06T15:13:55.672Z",
    "end": "2021-01-06T15:14:00.723Z",
    "duration": 5051,
    "testsRegistered": 12,
    "passPercent": 100,
    "pendingPercent": 0,
    "other": 0,
    "hasOther": false,
    "skipped": 0,
    "hasSkipped": false
  },
  "results": [
    {
      "uuid": "218d7385-7edc-4227-91af-ddcf151d9442",
      "title": "",
      "fullFile": "cypress\\integration\\examples\\cypress_api.spec.js",
      "file": "cypress\\integration\\examples\\cypress_api.spec.js",
      "beforeHooks": [],
      "afterHooks": [],
      "tests": [],
      "suites": [
        {
          "uuid": "c7c69a7c-58e5-407c-bcad-bafed992c0b7",
          "title": "Cypress.Commands",
          "fullFile": "",
          "file": "",
          "beforeHooks": [],
          "afterHooks": [],
          "tests": [
            {
              "title": ".add() - create a custom command",
              "fullTitle": "Cypress.Commands .add() - create a custom command",
              "timedOut": null,
              "duration": 671,
              "state": "passed",
              "speed": "slow",
              "pass": true,
              "fail": false,
              "pending": false,
              "context": null,
              "code": "Cypress.Commands.add('console', {\n  prevSubject: true\n}, function (subject, method) {\n  // the previous subject is automatically received\n  // and the commands arguments are shifted\n  // allow us to change the console method used\n  method = method || 'log'; // log the subject to the console\n  // @ts-ignore TS7017\n  console[method]('The subject is', subject); // whatever we return becomes the new subject\n  // we don't want to change the subject so\n  // we return whatever was passed in\n  return subject;\n}); // @ts-ignore TS2339\ncy.get('button').console('info').then(function ($button) {// subject is still $button\n});",
              "err": {},
              "uuid": "adbce75d-199a-4607-9d21-33a0f759cab0",
              "parentUUID": "c7c69a7c-58e5-407c-bcad-bafed992c0b7",
              "isHook": false,
              "skipped": false
            }
          ],
          "suites": [],
          "passes": [
            "adbce75d-199a-4607-9d21-33a0f759cab0"
          ],
          "failures": [],
          "pending": [],
          "skipped": [],
          "duration": 671,
          "root": false,
          "rootEmpty": false,
          "_timeout": 2000
        },
        {
          "uuid": "82a69675-cb8b-4149-97d4-9a6f0f6dc3fe",
          "title": "Cypress.Cookies",
          "fullFile": "",
          "file": "",
          "beforeHooks": [],
          "afterHooks": [],
          "tests": [
            {
              "title": ".debug() - enable or disable debugging",
              "fullTitle": "Cypress.Cookies .debug() - enable or disable debugging",
              "timedOut": null,
              "duration": 443,
              "state": "passed",
              "speed": "slow",
              "pass": true,
              "fail": false,
              "pending": false,
              "context": null,
              "code": "Cypress.Cookies.debug(true); // Cypress will now log in the console when\n// cookies are set or cleared\ncy.setCookie('fakeCookie', '123ABC');\ncy.clearCookie('fakeCookie');\ncy.setCookie('fakeCookie', '123ABC');\ncy.clearCookie('fakeCookie');\ncy.setCookie('fakeCookie', '123ABC');",
              "err": {},
              "uuid": "9645a476-6b6f-4c56-9a93-2dc1dd0adf16",
              "parentUUID": "82a69675-cb8b-4149-97d4-9a6f0f6dc3fe",
              "isHook": false,
              "skipped": false
            },
            {
              "title": ".preserveOnce() - preserve cookies by key",
              "fullTitle": "Cypress.Cookies .preserveOnce() - preserve cookies by key",
              "timedOut": null,
              "duration": 385,
              "state": "passed",
              "speed": "slow",
              "pass": true,
              "fail": false,
              "pending": false,
              "context": null,
              "code": "// normally cookies are reset after each test\ncy.getCookie('fakeCookie').should('not.be.ok'); // preserving a cookie will not clear it when\n// the next test starts\ncy.setCookie('lastCookie', '789XYZ');\nCypress.Cookies.preserveOnce('lastCookie');",
              "err": {},
              "uuid": "78e1cba3-9825-4c52-8a19-c200092fc879",
              "parentUUID": "82a69675-cb8b-4149-97d4-9a6f0f6dc3fe",
              "isHook": false,
              "skipped": false
            },
            {
              "title": ".defaults() - set defaults for all cookies",
              "fullTitle": "Cypress.Cookies .defaults() - set defaults for all cookies",
              "timedOut": null,
              "duration": 269,
              "state": "passed",
              "speed": "slow",
              "pass": true,
              "fail": false,
              "pending": false,
              "context": null,
              "code": "// now any cookie with the name 'session_id' will\n// not be cleared before each new test runs\nCypress.Cookies.defaults({\n  preserve: 'session_id'\n});",
              "err": {},
              "uuid": "3637becf-6364-4c53-b79a-657565f21779",
              "parentUUID": "82a69675-cb8b-4149-97d4-9a6f0f6dc3fe",
              "isHook": false,
              "skipped": false
            }
          ],
          "suites": [],
          "passes": [
            "9645a476-6b6f-4c56-9a93-2dc1dd0adf16",
            "78e1cba3-9825-4c52-8a19-c200092fc879",
            "3637becf-6364-4c53-b79a-657565f21779"
          ],
          "failures": [],
          "pending": [],
          "skipped": [],
          "duration": 1097,
          "root": false,
          "rootEmpty": false,
          "_timeout": 2000
        },
        {
          "uuid": "a31e3298-c28a-4277-bb70-8749717e5db4",
          "title": "Cypress.arch",
          "fullFile": "",
          "file": "",
          "beforeHooks": [],
          "afterHooks": [],
          "tests": [
            {
              "title": "Get CPU architecture name of underlying OS",
              "fullTitle": "Cypress.arch Get CPU architecture name of underlying OS",
              "timedOut": null,
              "duration": 274,
              "state": "passed",
              "speed": "slow",
              "pass": true,
              "fail": false,
              "pending": false,
              "context": null,
              "code": "// https://on.cypress.io/arch\nexpect(Cypress.arch).to.exist;",
              "err": {},
              "uuid": "b4ce5631-ea86-488f-8d8b-70c02f270f42",
              "parentUUID": "a31e3298-c28a-4277-bb70-8749717e5db4",
              "isHook": false,
              "skipped": false
            }
          ],
          "suites": [],
          "passes": [
            "b4ce5631-ea86-488f-8d8b-70c02f270f42"
          ],
          "failures": [],
          "pending": [],
          "skipped": [],
          "duration": 274,
          "root": false,
          "rootEmpty": false,
          "_timeout": 2000
        },
        {
          "uuid": "d3cd648b-a3a2-47c7-9fb6-3aeddcffd495",
          "title": "Cypress.config()",
          "fullFile": "",
          "file": "",
          "beforeHooks": [],
          "afterHooks": [],
          "tests": [
            {
              "title": "Get and set configuration options",
              "fullTitle": "Cypress.config() Get and set configuration options",
              "timedOut": null,
              "duration": 299,
              "state": "passed",
              "speed": "slow",
              "pass": true,
              "fail": false,
              "pending": false,
              "context": null,
              "code": "// https://on.cypress.io/config\nvar myConfig = Cypress.config();\nexpect(myConfig).to.have.property('animationDistanceThreshold', 5);\nexpect(myConfig).to.have.property('baseUrl', null);\nexpect(myConfig).to.have.property('defaultCommandTimeout', 4000);\nexpect(myConfig).to.have.property('requestTimeout', 5000);\nexpect(myConfig).to.have.property('responseTimeout', 30000);\nexpect(myConfig).to.have.property('viewportHeight', 660);\nexpect(myConfig).to.have.property('viewportWidth', 1000);\nexpect(myConfig).to.have.property('pageLoadTimeout', 60000);\nexpect(myConfig).to.have.property('waitForAnimations', true);\nexpect(Cypress.config('pageLoadTimeout')).to.eq(60000); // this will change the config for the rest of your tests!\nCypress.config('pageLoadTimeout', 20000);\nexpect(Cypress.config('pageLoadTimeout')).to.eq(20000);\nCypress.config('pageLoadTimeout', 60000);",
              "err": {},
              "uuid": "919a28e7-7702-49cf-adea-99155aba4e69",
              "parentUUID": "d3cd648b-a3a2-47c7-9fb6-3aeddcffd495",
              "isHook": false,
              "skipped": false
            }
          ],
          "suites": [],
          "passes": [
            "919a28e7-7702-49cf-adea-99155aba4e69"
          ],
          "failures": [],
          "pending": [],
          "skipped": [],
          "duration": 299,
          "root": false,
          "rootEmpty": false,
          "_timeout": 2000
        },
        {
          "uuid": "5ddf7ce3-7b9c-478f-96c2-aa739752b70a",
          "title": "Cypress.dom",
          "fullFile": "",
          "file": "",
          "beforeHooks": [],
          "afterHooks": [],
          "tests": [
            {
              "title": ".isHidden() - determine if a DOM element is hidden",
              "fullTitle": "Cypress.dom .isHidden() - determine if a DOM element is hidden",
              "timedOut": null,
              "duration": 253,
              "state": "passed",
              "speed": "slow",
              "pass": true,
              "fail": false,
              "pending": false,
              "context": null,
              "code": "var hiddenP = Cypress.$('.dom-p p.hidden').get(0);\nvar visibleP = Cypress.$('.dom-p p.visible').get(0); // our first paragraph has css class 'hidden'\nexpect(Cypress.dom.isHidden(hiddenP)).to.be[\"true\"];\nexpect(Cypress.dom.isHidden(visibleP)).to.be[\"false\"];",
              "err": {},
              "uuid": "a7cc9099-d580-4da5-b97f-b3ac57339b60",
              "parentUUID": "5ddf7ce3-7b9c-478f-96c2-aa739752b70a",
              "isHook": false,
              "skipped": false
            }
          ],
          "suites": [],
          "passes": [
            "a7cc9099-d580-4da5-b97f-b3ac57339b60"
          ],
          "failures": [],
          "pending": [],
          "skipped": [],
          "duration": 253,
          "root": false,
          "rootEmpty": false,
          "_timeout": 2000
        },
        {
          "uuid": "f1632fc7-6090-4694-a65b-16b8b98e9e0c",
          "title": "Cypress.env()",
          "fullFile": "",
          "file": "",
          "beforeHooks": [],
          "afterHooks": [],
          "tests": [
            {
              "title": "Get environment variables",
              "fullTitle": "Cypress.env() Get environment variables",
              "timedOut": null,
              "duration": 196,
              "state": "passed",
              "speed": "slow",
              "pass": true,
              "fail": false,
              "pending": false,
              "context": null,
              "code": "// https://on.cypress.io/env\n// set multiple environment variables\nCypress.env({\n  host: 'veronica.dev.local',\n  api_server: 'http://localhost:8888/v1/'\n}); // get environment variable\nexpect(Cypress.env('host')).to.eq('veronica.dev.local'); // set environment variable\nCypress.env('api_server', 'http://localhost:8888/v2/');\nexpect(Cypress.env('api_server')).to.eq('http://localhost:8888/v2/'); // get all environment variable\nexpect(Cypress.env()).to.have.property('host', 'veronica.dev.local');\nexpect(Cypress.env()).to.have.property('api_server', 'http://localhost:8888/v2/');",
              "err": {},
              "uuid": "294d34cf-372b-452b-9117-75a2bb18b9ff",
              "parentUUID": "f1632fc7-6090-4694-a65b-16b8b98e9e0c",
              "isHook": false,
              "skipped": false
            }
          ],
          "suites": [],
          "passes": [
            "294d34cf-372b-452b-9117-75a2bb18b9ff"
          ],
          "failures": [],
          "pending": [],
          "skipped": [],
          "duration": 196,
          "root": false,
          "rootEmpty": false,
          "_timeout": 2000
        },
        {
          "uuid": "2804b0c1-5a5a-4851-b130-3589a20852fa",
          "title": "Cypress.log",
          "fullFile": "",
          "file": "",
          "beforeHooks": [],
          "afterHooks": [],
          "tests": [
            {
              "title": "Control what is printed to the Command Log",
              "fullTitle": "Cypress.log Control what is printed to the Command Log",
              "timedOut": null,
              "duration": 212,
              "state": "passed",
              "speed": "slow",
              "pass": true,
              "fail": false,
              "pending": false,
              "context": null,
              "code": "// https://on.cypress.io/cypress-log",
              "err": {},
              "uuid": "d2e2ca67-cdcc-4c88-aad8-8e31010e11b0",
              "parentUUID": "2804b0c1-5a5a-4851-b130-3589a20852fa",
              "isHook": false,
              "skipped": false
            }
          ],
          "suites": [],
          "passes": [
            "d2e2ca67-cdcc-4c88-aad8-8e31010e11b0"
          ],
          "failures": [],
          "pending": [],
          "skipped": [],
          "duration": 212,
          "root": false,
          "rootEmpty": false,
          "_timeout": 2000
        },
        {
          "uuid": "59376d4d-20c9-4883-b4be-423c5a0f0f0c",
          "title": "Cypress.platform",
          "fullFile": "",
          "file": "",
          "beforeHooks": [],
          "afterHooks": [],
          "tests": [
            {
              "title": "Get underlying OS name",
              "fullTitle": "Cypress.platform Get underlying OS name",
              "timedOut": null,
              "duration": 213,
              "state": "passed",
              "speed": "slow",
              "pass": true,
              "fail": false,
              "pending": false,
              "context": null,
              "code": "// https://on.cypress.io/platform\nexpect(Cypress.platform).to.be.exist;",
              "err": {},
              "uuid": "edbd6c32-954e-4e4b-ba77-b7fe27809969",
              "parentUUID": "59376d4d-20c9-4883-b4be-423c5a0f0f0c",
              "isHook": false,
              "skipped": false
            }
          ],
          "suites": [],
          "passes": [
            "edbd6c32-954e-4e4b-ba77-b7fe27809969"
          ],
          "failures": [],
          "pending": [],
          "skipped": [],
          "duration": 213,
          "root": false,
          "rootEmpty": false,
          "_timeout": 2000
        },
        {
          "uuid": "04ec6e33-4b3a-4ff7-9be6-6aba86cb9073",
          "title": "Cypress.version",
          "fullFile": "",
          "file": "",
          "beforeHooks": [],
          "afterHooks": [],
          "tests": [
            {
              "title": "Get current version of Cypress being run",
              "fullTitle": "Cypress.version Get current version of Cypress being run",
              "timedOut": null,
              "duration": 202,
              "state": "passed",
              "speed": "slow",
              "pass": true,
              "fail": false,
              "pending": false,
              "context": null,
              "code": "// https://on.cypress.io/version\nexpect(Cypress.version).to.be.exist;",
              "err": {},
              "uuid": "1bb04ab7-a04f-4d60-937a-a01444e3b446",
              "parentUUID": "04ec6e33-4b3a-4ff7-9be6-6aba86cb9073",
              "isHook": false,
              "skipped": false
            }
          ],
          "suites": [],
          "passes": [
            "1bb04ab7-a04f-4d60-937a-a01444e3b446"
          ],
          "failures": [],
          "pending": [],
          "skipped": [],
          "duration": 202,
          "root": false,
          "rootEmpty": false,
          "_timeout": 2000
        },
        {
          "uuid": "74c28cdf-173c-44d0-b675-b187ef249d02",
          "title": "Cypress.spec",
          "fullFile": "",
          "file": "",
          "beforeHooks": [],
          "afterHooks": [],
          "tests": [
            {
              "title": "Get current spec information",
              "fullTitle": "Cypress.spec Get current spec information",
              "timedOut": null,
              "duration": 237,
              "state": "passed",
              "speed": "slow",
              "pass": true,
              "fail": false,
              "pending": false,
              "context": null,
              "code": "// https://on.cypress.io/spec\n// wrap the object so we can inspect it easily by clicking in the command log\ncy.wrap(Cypress.spec).should('include.keys', ['name', 'relative', 'absolute']);",
              "err": {},
              "uuid": "b964e138-9b09-4831-b4b9-349aed811f7a",
              "parentUUID": "74c28cdf-173c-44d0-b675-b187ef249d02",
              "isHook": false,
              "skipped": false
            }
          ],
          "suites": [],
          "passes": [
            "b964e138-9b09-4831-b4b9-349aed811f7a"
          ],
          "failures": [],
          "pending": [],
          "skipped": [],
          "duration": 237,
          "root": false,
          "rootEmpty": false,
          "_timeout": 2000
        }
      ],
      "passes": [],
      "failures": [],
      "pending": [],
      "skipped": [],
      "duration": 0,
      "root": true,
      "rootEmpty": true,
      "_timeout": 2000
    }
  ],
  "meta": {
    "mocha": {
      "version": "7.0.1"
    },
    "mochawesome": {
      "options": {
        "quiet": false,
        "reportFilename": "mochawesome",
        "saveHtml": false,
        "saveJson": true,
        "consoleReporter": "spec",
        "useInlineDiffs": false,
        "code": true
      },
      "version": "6.2.1"
    },
    "marge": {
      "options": {
        "overwrite": false,
        "html": false,
        "json": true
      },
      "version": "5.1.0"
    }
  }
}