{
  "stats": {
    "suites": 1,
    "tests": 1,
    "passes": 1,
    "pending": 0,
    "failures": 0,
    "start": "2021-01-06T15:15:38.773Z",
    "end": "2021-01-06T15:16:14.547Z",
    "duration": 35774,
    "testsRegistered": 1,
    "passPercent": 100,
    "pendingPercent": 0,
    "other": 0,
    "hasOther": false,
    "skipped": 0,
    "hasSkipped": false
  },
  "results": [
    {
      "uuid": "9d8d5603-ec98-49a5-b68a-bdbcca88231d",
      "title": "",
      "fullFile": "cypress\\integration\\examples\\sample_test.spec.js",
      "file": "cypress\\integration\\examples\\sample_test.spec.js",
      "beforeHooks": [],
      "afterHooks": [],
      "tests": [],
      "suites": [
        {
          "uuid": "e7ad8e51-78d4-440a-960e-cc8ef03e6692",
          "title": "My First Test",
          "fullFile": "",
          "file": "",
          "beforeHooks": [],
          "afterHooks": [],
          "tests": [
            {
              "title": "Visits sprint URL",
              "fullTitle": "My First Test Visits sprint URL",
              "timedOut": null,
              "duration": 32461,
              "state": "passed",
              "speed": "slow",
              "pass": true,
              "fail": false,
              "pending": false,
              "context": null,
              "code": "cy.visit('https://secureeps.payrollspan.net/');\ncy.get('#btnSignIn').click();\ncy.get('#emailaddress').type('sabarisindu.s+dec21@w3magix.com');\ncy.get('#password').type('Span@123');\ncy.get('.mat-button-wrapper > mat-label').click();",
              "err": {},
              "uuid": "81fad114-819f-4af9-bc4f-0d9ba7375f42",
              "parentUUID": "e7ad8e51-78d4-440a-960e-cc8ef03e6692",
              "isHook": false,
              "skipped": false
            }
          ],
          "suites": [],
          "passes": [
            "81fad114-819f-4af9-bc4f-0d9ba7375f42"
          ],
          "failures": [],
          "pending": [],
          "skipped": [],
          "duration": 32461,
          "root": false,
          "rootEmpty": false,
          "_timeout": 2000
        }
      ],
      "passes": [],
      "failures": [],
      "pending": [],
      "skipped": [],
      "duration": 0,
      "root": true,
      "rootEmpty": true,
      "_timeout": 2000
    }
  ],
  "meta": {
    "mocha": {
      "version": "7.0.1"
    },
    "mochawesome": {
      "options": {
        "quiet": false,
        "reportFilename": "mochawesome",
        "saveHtml": false,
        "saveJson": true,
        "consoleReporter": "spec",
        "useInlineDiffs": false,
        "code": true
      },
      "version": "6.2.1"
    },
    "marge": {
      "options": {
        "overwrite": false,
        "html": false,
        "json": true
      },
      "version": "5.1.0"
    }
  }
}