{
  "stats": {
    "suites": 1,
    "tests": 1,
    "passes": 1,
    "pending": 0,
    "failures": 0,
    "start": "2021-01-06T15:18:32.087Z",
    "end": "2021-01-06T15:18:56.120Z",
    "duration": 24033,
    "testsRegistered": 1,
    "passPercent": 100,
    "pendingPercent": 0,
    "other": 0,
    "hasOther": false,
    "skipped": 0,
    "hasSkipped": false
  },
  "results": [
    {
      "uuid": "3e49c670-9bcf-43ff-826f-80361f144c55",
      "title": "",
      "fullFile": "cypress\\integration\\Testcases\\TC-002ForgotpswdScenarios.spec.js",
      "file": "cypress\\integration\\Testcases\\TC-002ForgotpswdScenarios.spec.js",
      "beforeHooks": [],
      "afterHooks": [],
      "tests": [],
      "suites": [
        {
          "uuid": "caeea5e8-9d20-496a-9c7e-3166a8379ce4",
          "title": "SigninTest",
          "fullFile": "",
          "file": "",
          "beforeHooks": [],
          "afterHooks": [],
          "tests": [
            {
              "title": "Runs Forgotpswd scenarios",
              "fullTitle": "SigninTest Runs Forgotpswd scenarios",
              "timedOut": null,
              "duration": 22092,
              "state": "passed",
              "speed": "slow",
              "pass": true,
              "fail": false,
              "pending": false,
              "context": null,
              "code": "cy.visit('https://secureeps.payrollspan.net/');\ncy.openforgotpswd();\ncy.verifyftext();\ncy.verfiyftextbox();\ncy.verfiyfpswdbtn();\ncy.flinktext();\ncy.emailblank();\ncy.invalidemail(this.data.Email);\ncy.validemail(this.data.Email3);",
              "err": {},
              "uuid": "fb3dae70-67dc-43ec-9c17-8a82ef280373",
              "parentUUID": "caeea5e8-9d20-496a-9c7e-3166a8379ce4",
              "isHook": false,
              "skipped": false
            }
          ],
          "suites": [],
          "passes": [
            "fb3dae70-67dc-43ec-9c17-8a82ef280373"
          ],
          "failures": [],
          "pending": [],
          "skipped": [],
          "duration": 22092,
          "root": false,
          "rootEmpty": false,
          "_timeout": 2000
        }
      ],
      "passes": [],
      "failures": [],
      "pending": [],
      "skipped": [],
      "duration": 0,
      "root": true,
      "rootEmpty": true,
      "_timeout": 2000
    }
  ],
  "meta": {
    "mocha": {
      "version": "7.0.1"
    },
    "mochawesome": {
      "options": {
        "quiet": false,
        "reportFilename": "mochawesome",
        "saveHtml": false,
        "saveJson": true,
        "consoleReporter": "spec",
        "useInlineDiffs": false,
        "code": true
      },
      "version": "6.2.1"
    },
    "marge": {
      "options": {
        "overwrite": false,
        "html": false,
        "json": true
      },
      "version": "5.1.0"
    }
  }
}